INFO 2021-08-19 19:55:27,634 [base_case.py-->line:32]:========= 审核接口 开始测试 =======
INFO 2021-08-19 19:55:27,848 [fixture.py-->line:40]:注册用户成功
INFO 2021-08-19 19:55:27,983 [fixture.py-->line:61]:登录用户成功
INFO 2021-08-19 19:55:28,175 [fixture.py-->line:40]:注册用户成功
INFO 2021-08-19 19:55:28,304 [fixture.py-->line:61]:登录用户成功
INFO 2021-08-19 19:55:28,363 [fixture.py-->line:100]:创建项目成功
INFO 2021-08-19 19:55:28,364 [base_case.py-->line:45]:********** 用例【审核成功-通过】 开始执行 *************
INFO 2021-08-19 19:55:28,430 [base_case.py-->line:169]:用例【审核成功-通过】响应状态码断言成功
INFO 2021-08-19 19:55:28,431 [base_case.py-->line:191]:用例【审核成功-通过】响应数据断言成功
INFO 2021-08-19 19:55:28,431 [base_case.py-->line:201]:用例【审核成功-通过】数据校验的sql为:SELECT status FROM loan WHERE id=75072 and status=2
INFO 2021-08-19 19:55:28,447 [base_case.py-->line:211]:用例【审核成功-通过】数据断言成功
INFO 2021-08-19 19:55:28,447 [base_case.py-->line:56]:********** 用例【审核成功-通过】 测试成功 *************
INFO 2021-08-19 19:55:28,493 [fixture.py-->line:100]:创建项目成功
INFO 2021-08-19 19:55:28,494 [base_case.py-->line:45]:********** 用例【审核成功-不通过】 开始执行 *************
INFO 2021-08-19 19:55:28,530 [base_case.py-->line:169]:用例【审核成功-不通过】响应状态码断言成功
INFO 2021-08-19 19:55:28,530 [base_case.py-->line:191]:用例【审核成功-不通过】响应数据断言成功
INFO 2021-08-19 19:55:28,530 [base_case.py-->line:201]:用例【审核成功-不通过】数据校验的sql为:SELECT status FROM loan WHERE id=75073 and status=5
INFO 2021-08-19 19:55:28,546 [base_case.py-->line:211]:用例【审核成功-不通过】数据断言成功
INFO 2021-08-19 19:55:28,546 [base_case.py-->line:56]:********** 用例【审核成功-不通过】 测试成功 *************
INFO 2021-08-19 19:55:28,596 [fixture.py-->line:100]:创建项目成功
INFO 2021-08-19 19:55:28,596 [base_case.py-->line:45]:********** 用例【项目id为空】 开始执行 *************
INFO 2021-08-19 19:55:28,629 [base_case.py-->line:169]:用例【项目id为空】响应状态码断言成功
INFO 2021-08-19 19:55:28,629 [base_case.py-->line:191]:用例【项目id为空】响应数据断言成功
INFO 2021-08-19 19:55:28,629 [base_case.py-->line:56]:********** 用例【项目id为空】 测试成功 *************
INFO 2021-08-19 19:55:28,678 [fixture.py-->line:100]:创建项目成功
INFO 2021-08-19 19:55:28,678 [base_case.py-->line:45]:********** 用例【项目id不是整数】 开始执行 *************
INFO 2021-08-19 19:55:28,715 [base_case.py-->line:169]:用例【项目id不是整数】响应状态码断言成功
WARNING 2021-08-19 19:55:28,717 [base_case.py-->line:186]:用例【项目id不是整数】响应数据断言失败
INFO 2021-08-19 19:55:28,718 [base_case.py-->line:187]:用例【项目id不是整数】期望的结果是{'code': 2, 'msg': '数值参数格式不正确'}
INFO 2021-08-19 19:55:28,718 [base_case.py-->line:188]:用例【项目id不是整数】返回数据是{'code': 0, 'msg': 'OK', 'data': None, 'copyright': 'Copyright 柠檬班 © 2017-2020 湖南省零檬信息技术有限公司 All Rights Reserved'}
INFO 2021-08-19 19:55:29,009 [fixture.py-->line:100]:创建项目成功
INFO 2021-08-19 19:55:29,009 [base_case.py-->line:45]:********** 用例【不存在的项目id】 开始执行 *************
INFO 2021-08-19 19:55:29,043 [base_case.py-->line:169]:用例【不存在的项目id】响应状态码断言成功
INFO 2021-08-19 19:55:29,043 [base_case.py-->line:191]:用例【不存在的项目id】响应数据断言成功
INFO 2021-08-19 19:55:29,043 [base_case.py-->line:56]:********** 用例【不存在的项目id】 测试成功 *************
INFO 2021-08-19 19:55:29,095 [fixture.py-->line:100]:创建项目成功
INFO 2021-08-19 19:55:29,096 [base_case.py-->line:45]:********** 用例【审核状态不是布尔值】 开始执行 *************
INFO 2021-08-19 19:55:29,136 [base_case.py-->line:169]:用例【审核状态不是布尔值】响应状态码断言成功
INFO 2021-08-19 19:55:29,136 [base_case.py-->line:191]:用例【审核状态不是布尔值】响应数据断言成功
INFO 2021-08-19 19:55:29,136 [base_case.py-->line:56]:********** 用例【审核状态不是布尔值】 测试成功 *************
INFO 2021-08-19 19:55:29,210 [fixture.py-->line:100]:创建项目成功
INFO 2021-08-19 19:55:29,210 [base_case.py-->line:45]:********** 用例【审核状态不存在】 开始执行 *************
INFO 2021-08-19 19:55:29,244 [base_case.py-->line:169]:用例【审核状态不存在】响应状态码断言成功
INFO 2021-08-19 19:55:29,244 [base_case.py-->line:191]:用例【审核状态不存在】响应数据断言成功
INFO 2021-08-19 19:55:29,244 [base_case.py-->line:56]:********** 用例【审核状态不存在】 测试成功 *************
INFO 2021-08-19 19:55:29,245 [base_case.py-->line:36]:========= 审核接口 测试结束 =======
INFO 2021-08-19 19:55:29,251 [base_case.py-->line:32]:========= 课堂派业务流 开始测试 =======
INFO 2021-08-19 19:55:29,251 [base_case.py-->line:45]:********** 用例【课堂派登录】 开始执行 *************
INFO 2021-08-19 19:55:29,533 [base_case.py-->line:169]:用例【课堂派登录】响应状态码断言成功
INFO 2021-08-19 19:55:29,533 [test_coursse_flow.py-->line:60]:用例【课堂派登录】响应数据断言成功
INFO 2021-08-19 19:55:29,533 [base_case.py-->line:56]:********** 用例【课堂派登录】 测试成功 *************
INFO 2021-08-19 19:55:29,537 [base_case.py-->line:45]:********** 用例【获取所有课程信息】 开始执行 *************
INFO 2021-08-19 19:55:29,895 [base_case.py-->line:169]:用例【获取所有课程信息】响应状态码断言成功
INFO 2021-08-19 19:55:29,897 [test_coursse_flow.py-->line:60]:用例【获取所有课程信息】响应数据断言成功
INFO 2021-08-19 19:55:29,897 [base_case.py-->line:56]:********** 用例【获取所有课程信息】 测试成功 *************
INFO 2021-08-19 19:55:29,899 [base_case.py-->line:36]:========= 课堂派业务流 测试结束 =======
INFO 2021-08-19 19:55:29,932 [base_case.py-->line:32]:========= 投资业务流 开始测试 =======
INFO 2021-08-19 19:55:29,934 [base_case.py-->line:45]:********** 用例【注册普通融资用户】 开始执行 *************
INFO 2021-08-19 19:55:30,113 [base_case.py-->line:169]:用例【注册普通融资用户】响应状态码断言成功
INFO 2021-08-19 19:55:30,114 [base_case.py-->line:191]:用例【注册普通融资用户】响应数据断言成功
INFO 2021-08-19 19:55:30,114 [base_case.py-->line:201]:用例【注册普通融资用户】数据校验的sql为:select mobile_phone from member where mobile_phone='15809416020' and `type`=1
INFO 2021-08-19 19:55:30,183 [base_case.py-->line:211]:用例【注册普通融资用户】数据断言成功
INFO 2021-08-19 19:55:30,184 [base_case.py-->line:56]:********** 用例【注册普通融资用户】 测试成功 *************
INFO 2021-08-19 19:55:30,188 [base_case.py-->line:45]:********** 用例【登录普通融资用户】 开始执行 *************
INFO 2021-08-19 19:55:30,302 [base_case.py-->line:169]:用例【登录普通融资用户】响应状态码断言成功
INFO 2021-08-19 19:55:30,302 [base_case.py-->line:191]:用例【登录普通融资用户】响应数据断言成功
INFO 2021-08-19 19:55:30,302 [base_case.py-->line:56]:********** 用例【登录普通融资用户】 测试成功 *************
INFO 2021-08-19 19:55:30,307 [base_case.py-->line:45]:********** 用例【创建项目】 开始执行 *************
INFO 2021-08-19 19:55:30,344 [base_case.py-->line:169]:用例【创建项目】响应状态码断言成功
INFO 2021-08-19 19:55:30,344 [base_case.py-->line:191]:用例【创建项目】响应数据断言成功
INFO 2021-08-19 19:55:30,345 [base_case.py-->line:56]:********** 用例【创建项目】 测试成功 *************
INFO 2021-08-19 19:55:30,349 [base_case.py-->line:45]:********** 用例【注册管理员用户】 开始执行 *************
INFO 2021-08-19 19:55:30,530 [base_case.py-->line:169]:用例【注册管理员用户】响应状态码断言成功
INFO 2021-08-19 19:55:30,531 [base_case.py-->line:191]:用例【注册管理员用户】响应数据断言成功
INFO 2021-08-19 19:55:30,531 [base_case.py-->line:56]:********** 用例【注册管理员用户】 测试成功 *************
INFO 2021-08-19 19:55:30,538 [base_case.py-->line:45]:********** 用例【登录管理员用户】 开始执行 *************
INFO 2021-08-19 19:55:30,645 [base_case.py-->line:169]:用例【登录管理员用户】响应状态码断言成功
INFO 2021-08-19 19:55:30,645 [base_case.py-->line:191]:用例【登录管理员用户】响应数据断言成功
INFO 2021-08-19 19:55:30,646 [base_case.py-->line:56]:********** 用例【登录管理员用户】 测试成功 *************
INFO 2021-08-19 19:55:30,650 [base_case.py-->line:45]:********** 用例【审核项目】 开始执行 *************
INFO 2021-08-19 19:55:30,688 [base_case.py-->line:169]:用例【审核项目】响应状态码断言成功
INFO 2021-08-19 19:55:30,688 [base_case.py-->line:191]:用例【审核项目】响应数据断言成功
INFO 2021-08-19 19:55:30,689 [base_case.py-->line:56]:********** 用例【审核项目】 测试成功 *************
INFO 2021-08-19 19:55:30,693 [base_case.py-->line:45]:********** 用例【注册普通投资用户】 开始执行 *************
INFO 2021-08-19 19:55:30,867 [base_case.py-->line:169]:用例【注册普通投资用户】响应状态码断言成功
INFO 2021-08-19 19:55:30,867 [base_case.py-->line:191]:用例【注册普通投资用户】响应数据断言成功
INFO 2021-08-19 19:55:30,867 [base_case.py-->line:56]:********** 用例【注册普通投资用户】 测试成功 *************
INFO 2021-08-19 19:55:30,872 [base_case.py-->line:45]:********** 用例【登录普通投资用户】 开始执行 *************
INFO 2021-08-19 19:55:30,983 [base_case.py-->line:169]:用例【登录普通投资用户】响应状态码断言成功
INFO 2021-08-19 19:55:30,984 [base_case.py-->line:191]:用例【登录普通投资用户】响应数据断言成功
INFO 2021-08-19 19:55:30,984 [base_case.py-->line:56]:********** 用例【登录普通投资用户】 测试成功 *************
INFO 2021-08-19 19:55:30,989 [base_case.py-->line:45]:********** 用例【充值】 开始执行 *************
INFO 2021-08-19 19:55:31,029 [base_case.py-->line:169]:用例【充值】响应状态码断言成功
INFO 2021-08-19 19:55:31,029 [base_case.py-->line:191]:用例【充值】响应数据断言成功
INFO 2021-08-19 19:55:31,030 [base_case.py-->line:56]:********** 用例【充值】 测试成功 *************
INFO 2021-08-19 19:55:31,035 [base_case.py-->line:45]:********** 用例【投资项目】 开始执行 *************
INFO 2021-08-19 19:55:31,086 [base_case.py-->line:169]:用例【投资项目】响应状态码断言成功
INFO 2021-08-19 19:55:31,086 [base_case.py-->line:191]:用例【投资项目】响应数据断言成功
INFO 2021-08-19 19:55:31,086 [base_case.py-->line:56]:********** 用例【投资项目】 测试成功 *************
INFO 2021-08-19 19:55:31,088 [base_case.py-->line:36]:========= 投资业务流 测试结束 =======
INFO 2021-08-19 19:55:31,093 [base_case.py-->line:32]:========= 投资接口 开始测试 =======
INFO 2021-08-19 19:55:31,094 [base_case.py-->line:45]:********** 用例【前置条件-注册普通融资用户】 开始执行 *************
INFO 2021-08-19 19:55:31,271 [base_case.py-->line:169]:用例【前置条件-注册普通融资用户】响应状态码断言成功
INFO 2021-08-19 19:55:31,272 [base_case.py-->line:191]:用例【前置条件-注册普通融资用户】响应数据断言成功
INFO 2021-08-19 19:55:31,272 [base_case.py-->line:56]:********** 用例【前置条件-注册普通融资用户】 测试成功 *************
INFO 2021-08-19 19:55:31,278 [base_case.py-->line:45]:********** 用例【前置条件-登陆普通融资用户】 开始执行 *************
INFO 2021-08-19 19:55:31,388 [base_case.py-->line:169]:用例【前置条件-登陆普通融资用户】响应状态码断言成功
INFO 2021-08-19 19:55:31,388 [base_case.py-->line:191]:用例【前置条件-登陆普通融资用户】响应数据断言成功
INFO 2021-08-19 19:55:31,389 [base_case.py-->line:56]:********** 用例【前置条件-登陆普通融资用户】 测试成功 *************
INFO 2021-08-19 19:55:31,394 [base_case.py-->line:45]:********** 用例【前置条件-创建项目】 开始执行 *************
INFO 2021-08-19 19:55:31,464 [base_case.py-->line:169]:用例【前置条件-创建项目】响应状态码断言成功
INFO 2021-08-19 19:55:31,465 [base_case.py-->line:191]:用例【前置条件-创建项目】响应数据断言成功
INFO 2021-08-19 19:55:31,465 [base_case.py-->line:56]:********** 用例【前置条件-创建项目】 测试成功 *************
INFO 2021-08-19 19:55:31,469 [base_case.py-->line:45]:********** 用例【前置条件-注册投资普通用户1】 开始执行 *************
INFO 2021-08-19 19:55:31,648 [base_case.py-->line:169]:用例【前置条件-注册投资普通用户1】响应状态码断言成功
INFO 2021-08-19 19:55:31,648 [base_case.py-->line:191]:用例【前置条件-注册投资普通用户1】响应数据断言成功
INFO 2021-08-19 19:55:31,648 [base_case.py-->line:56]:********** 用例【前置条件-注册投资普通用户1】 测试成功 *************
INFO 2021-08-19 19:55:31,652 [base_case.py-->line:45]:********** 用例【前置条件-登录投资普通用户1】 开始执行 *************
INFO 2021-08-19 19:55:31,760 [base_case.py-->line:169]:用例【前置条件-登录投资普通用户1】响应状态码断言成功
INFO 2021-08-19 19:55:31,760 [base_case.py-->line:191]:用例【前置条件-登录投资普通用户1】响应数据断言成功
INFO 2021-08-19 19:55:31,760 [base_case.py-->line:56]:********** 用例【前置条件-登录投资普通用户1】 测试成功 *************
INFO 2021-08-19 19:55:31,764 [base_case.py-->line:45]:********** 用例【前置条件-投资普通用户1充值】 开始执行 *************
INFO 2021-08-19 19:55:31,805 [base_case.py-->line:169]:用例【前置条件-投资普通用户1充值】响应状态码断言成功
INFO 2021-08-19 19:55:31,805 [base_case.py-->line:191]:用例【前置条件-投资普通用户1充值】响应数据断言成功
INFO 2021-08-19 19:55:31,805 [base_case.py-->line:56]:********** 用例【前置条件-投资普通用户1充值】 测试成功 *************
INFO 2021-08-19 19:55:31,809 [base_case.py-->line:45]:********** 用例【前置条件-注册投资普通用户2】 开始执行 *************
INFO 2021-08-19 19:55:31,984 [base_case.py-->line:169]:用例【前置条件-注册投资普通用户2】响应状态码断言成功
INFO 2021-08-19 19:55:31,985 [base_case.py-->line:191]:用例【前置条件-注册投资普通用户2】响应数据断言成功
INFO 2021-08-19 19:55:31,986 [base_case.py-->line:56]:********** 用例【前置条件-注册投资普通用户2】 测试成功 *************
INFO 2021-08-19 19:55:31,995 [base_case.py-->line:45]:********** 用例【前置条件-登录投资普通用户2】 开始执行 *************
INFO 2021-08-19 19:55:32,107 [base_case.py-->line:169]:用例【前置条件-登录投资普通用户2】响应状态码断言成功
INFO 2021-08-19 19:55:32,108 [base_case.py-->line:191]:用例【前置条件-登录投资普通用户2】响应数据断言成功
INFO 2021-08-19 19:55:32,108 [base_case.py-->line:56]:********** 用例【前置条件-登录投资普通用户2】 测试成功 *************
INFO 2021-08-19 19:55:32,116 [base_case.py-->line:45]:********** 用例【前置条件-投资普通用户2充值】 开始执行 *************
INFO 2021-08-19 19:55:32,158 [base_case.py-->line:169]:用例【前置条件-投资普通用户2充值】响应状态码断言成功
INFO 2021-08-19 19:55:32,159 [base_case.py-->line:191]:用例【前置条件-投资普通用户2充值】响应数据断言成功
INFO 2021-08-19 19:55:32,160 [base_case.py-->line:56]:********** 用例【前置条件-投资普通用户2充值】 测试成功 *************
INFO 2021-08-19 19:55:32,173 [base_case.py-->line:45]:********** 用例【前置条件-注册管理员用户】 开始执行 *************
INFO 2021-08-19 19:55:32,354 [base_case.py-->line:169]:用例【前置条件-注册管理员用户】响应状态码断言成功
INFO 2021-08-19 19:55:32,354 [base_case.py-->line:191]:用例【前置条件-注册管理员用户】响应数据断言成功
INFO 2021-08-19 19:55:32,354 [base_case.py-->line:56]:********** 用例【前置条件-注册管理员用户】 测试成功 *************
INFO 2021-08-19 19:55:32,358 [base_case.py-->line:45]:********** 用例【前置条件-登陆管理员用户】 开始执行 *************
INFO 2021-08-19 19:55:32,465 [base_case.py-->line:169]:用例【前置条件-登陆管理员用户】响应状态码断言成功
INFO 2021-08-19 19:55:32,465 [base_case.py-->line:191]:用例【前置条件-登陆管理员用户】响应数据断言成功
INFO 2021-08-19 19:55:32,465 [base_case.py-->line:56]:********** 用例【前置条件-登陆管理员用户】 测试成功 *************
INFO 2021-08-19 19:55:32,469 [base_case.py-->line:45]:********** 用例【投资项目不是竞标中状态】 开始执行 *************
INFO 2021-08-19 19:55:32,512 [base_case.py-->line:169]:用例【投资项目不是竞标中状态】响应状态码断言成功
INFO 2021-08-19 19:55:32,512 [base_case.py-->line:191]:用例【投资项目不是竞标中状态】响应数据断言成功
INFO 2021-08-19 19:55:32,512 [base_case.py-->line:56]:********** 用例【投资项目不是竞标中状态】 测试成功 *************
INFO 2021-08-19 19:55:32,516 [base_case.py-->line:45]:********** 用例【前置条件-审核项目】 开始执行 *************
INFO 2021-08-19 19:55:32,552 [base_case.py-->line:169]:用例【前置条件-审核项目】响应状态码断言成功
INFO 2021-08-19 19:55:32,552 [base_case.py-->line:191]:用例【前置条件-审核项目】响应数据断言成功
INFO 2021-08-19 19:55:32,552 [base_case.py-->line:56]:********** 用例【前置条件-审核项目】 测试成功 *************
INFO 2021-08-19 19:55:32,556 [base_case.py-->line:45]:********** 用例【用户id为空】 开始执行 *************
INFO 2021-08-19 19:55:32,590 [base_case.py-->line:169]:用例【用户id为空】响应状态码断言成功
INFO 2021-08-19 19:55:32,590 [base_case.py-->line:191]:用例【用户id为空】响应数据断言成功
INFO 2021-08-19 19:55:32,590 [base_case.py-->line:56]:********** 用例【用户id为空】 测试成功 *************
INFO 2021-08-19 19:55:32,595 [base_case.py-->line:45]:********** 用例【投资金额为空】 开始执行 *************
INFO 2021-08-19 19:55:32,629 [base_case.py-->line:169]:用例【投资金额为空】响应状态码断言成功
INFO 2021-08-19 19:55:32,629 [base_case.py-->line:191]:用例【投资金额为空】响应数据断言成功
INFO 2021-08-19 19:55:32,630 [base_case.py-->line:56]:********** 用例【投资金额为空】 测试成功 *************
INFO 2021-08-19 19:55:32,633 [base_case.py-->line:45]:********** 用例【投资金额为不能被100整除的数】 开始执行 *************
INFO 2021-08-19 19:55:32,667 [base_case.py-->line:169]:用例【投资金额为不能被100整除的数】响应状态码断言成功
WARNING 2021-08-19 19:55:32,667 [base_case.py-->line:186]:用例【投资金额为不能被100整除的数】响应数据断言失败
INFO 2021-08-19 19:55:32,667 [base_case.py-->line:187]:用例【投资金额为不能被100整除的数】期望的结果是{'code': 2, 'msg': '投资金额必须大于100，并且可以被100整除'}
INFO 2021-08-19 19:55:32,667 [base_case.py-->line:188]:用例【投资金额为不能被100整除的数】返回数据是{'code': 2, 'msg': '充值金额必须大于100，并且可以被100整除', 'data': None, 'copyright': 'Copyright 柠檬班 © 2017-2020 湖南省零檬信息技术有限公司 All Rights Reserved'}
INFO 2021-08-19 19:55:32,685 [base_case.py-->line:45]:********** 用例【投资成功】 开始执行 *************
INFO 2021-08-19 19:55:32,731 [base_case.py-->line:169]:用例【投资成功】响应状态码断言成功
INFO 2021-08-19 19:55:32,731 [base_case.py-->line:191]:用例【投资成功】响应数据断言成功
INFO 2021-08-19 19:55:32,731 [base_case.py-->line:201]:用例【投资成功】数据校验的sql为:select id from member where id=123627260 and leave_amount=0
INFO 2021-08-19 19:55:32,747 [base_case.py-->line:211]:用例【投资成功】数据断言成功
INFO 2021-08-19 19:55:32,748 [base_case.py-->line:201]:用例【投资成功】数据校验的sql为:
select id from invest where member_id=123627260 and loan_id=75080 and amount=5000
INFO 2021-08-19 19:55:32,770 [base_case.py-->line:211]:用例【投资成功】数据断言成功
INFO 2021-08-19 19:55:32,770 [base_case.py-->line:201]:用例【投资成功】数据校验的sql为:
select id from financelog where pay_member_id=123627260 and amount=5000
INFO 2021-08-19 19:55:32,840 [base_case.py-->line:211]:用例【投资成功】数据断言成功
INFO 2021-08-19 19:55:32,840 [base_case.py-->line:56]:********** 用例【投资成功】 测试成功 *************
INFO 2021-08-19 19:55:32,844 [base_case.py-->line:45]:********** 用例【投资金额大于项目剩余可投金额】 开始执行 *************
INFO 2021-08-19 19:55:32,887 [base_case.py-->line:169]:用例【投资金额大于项目剩余可投金额】响应状态码断言成功
INFO 2021-08-19 19:55:32,887 [base_case.py-->line:191]:用例【投资金额大于项目剩余可投金额】响应数据断言成功
INFO 2021-08-19 19:55:32,887 [base_case.py-->line:56]:********** 用例【投资金额大于项目剩余可投金额】 测试成功 *************
INFO 2021-08-19 19:55:32,891 [base_case.py-->line:45]:********** 用例【投资成功并满标】 开始执行 *************
INFO 2021-08-19 19:55:32,950 [base_case.py-->line:169]:用例【投资成功并满标】响应状态码断言成功
INFO 2021-08-19 19:55:32,950 [base_case.py-->line:191]:用例【投资成功并满标】响应数据断言成功
INFO 2021-08-19 19:55:32,950 [base_case.py-->line:201]:用例【投资成功并满标】数据校验的sql为:select id from member where id=123627261 and leave_amount=100
INFO 2021-08-19 19:55:32,968 [base_case.py-->line:211]:用例【投资成功并满标】数据断言成功
INFO 2021-08-19 19:55:32,968 [base_case.py-->line:201]:用例【投资成功并满标】数据校验的sql为:
select id from invest where member_id=123627261 and loan_id=75080 and amount=5000
INFO 2021-08-19 19:55:32,989 [base_case.py-->line:211]:用例【投资成功并满标】数据断言成功
INFO 2021-08-19 19:55:32,990 [base_case.py-->line:201]:用例【投资成功并满标】数据校验的sql为:
select id from financelog where pay_member_id=123627261 and amount=5000
INFO 2021-08-19 19:55:33,061 [base_case.py-->line:211]:用例【投资成功并满标】数据断言成功
INFO 2021-08-19 19:55:33,061 [base_case.py-->line:201]:用例【投资成功并满标】数据校验的sql为:
select count(id) from repayment where invest_id in (select id from invest where loan_id=75080)  having count(id)=12
INFO 2021-08-19 19:55:33,086 [base_case.py-->line:211]:用例【投资成功并满标】数据断言成功
INFO 2021-08-19 19:55:33,086 [base_case.py-->line:56]:********** 用例【投资成功并满标】 测试成功 *************
INFO 2021-08-19 19:55:33,087 [base_case.py-->line:36]:========= 投资接口 测试结束 =======
INFO 2021-08-19 19:55:33,092 [base_case.py-->line:32]:========= 充值接口 开始测试 =======
INFO 2021-08-19 19:55:33,281 [fixture.py-->line:40]:注册用户成功
INFO 2021-08-19 19:55:33,411 [fixture.py-->line:61]:登录用户成功
INFO 2021-08-19 19:55:33,412 [base_case.py-->line:45]:********** 用例【前置条件-支付宝充值成功】 开始执行 *************
INFO 2021-08-19 19:55:35,584 [base_case.py-->line:169]:用例【前置条件-支付宝充值成功】响应状态码断言成功
INFO 2021-08-19 19:55:35,584 [base_case.py-->line:191]:用例【前置条件-支付宝充值成功】响应数据断言成功
INFO 2021-08-19 19:55:35,584 [base_case.py-->line:56]:********** 用例【前置条件-支付宝充值成功】 测试成功 *************
INFO 2021-08-19 19:55:35,588 [base_case.py-->line:45]:********** 用例【充值成功-整数】 开始执行 *************
INFO 2021-08-19 19:55:35,628 [base_case.py-->line:169]:用例【充值成功-整数】响应状态码断言成功
INFO 2021-08-19 19:55:35,628 [base_case.py-->line:191]:用例【充值成功-整数】响应数据断言成功
INFO 2021-08-19 19:55:35,628 [base_case.py-->line:201]:用例【充值成功-整数】数据校验的sql为:select id from member WHERE id = 123627263 and leave_amount=888
INFO 2021-08-19 19:55:35,643 [base_case.py-->line:211]:用例【充值成功-整数】数据断言成功
INFO 2021-08-19 19:55:35,643 [base_case.py-->line:56]:********** 用例【充值成功-整数】 测试成功 *************
INFO 2021-08-19 19:55:35,647 [base_case.py-->line:45]:********** 用例【充值成功-1位小数】 开始执行 *************
INFO 2021-08-19 19:55:35,687 [base_case.py-->line:169]:用例【充值成功-1位小数】响应状态码断言成功
INFO 2021-08-19 19:55:35,687 [base_case.py-->line:191]:用例【充值成功-1位小数】响应数据断言成功
INFO 2021-08-19 19:55:35,687 [base_case.py-->line:201]:用例【充值成功-1位小数】数据校验的sql为:select id from member WHERE id = 123627263 and leave_amount=1776.8
INFO 2021-08-19 19:55:35,703 [base_case.py-->line:211]:用例【充值成功-1位小数】数据断言成功
INFO 2021-08-19 19:55:35,704 [base_case.py-->line:56]:********** 用例【充值成功-1位小数】 测试成功 *************
INFO 2021-08-19 19:55:35,707 [base_case.py-->line:45]:********** 用例【充值成功-2位小数】 开始执行 *************
INFO 2021-08-19 19:55:35,745 [base_case.py-->line:169]:用例【充值成功-2位小数】响应状态码断言成功
INFO 2021-08-19 19:55:35,745 [base_case.py-->line:191]:用例【充值成功-2位小数】响应数据断言成功
INFO 2021-08-19 19:55:35,746 [base_case.py-->line:201]:用例【充值成功-2位小数】数据校验的sql为:select id from member WHERE id = 123627263 and leave_amount=2665.68
INFO 2021-08-19 19:55:35,761 [base_case.py-->line:211]:用例【充值成功-2位小数】数据断言成功
INFO 2021-08-19 19:55:35,761 [base_case.py-->line:56]:********** 用例【充值成功-2位小数】 测试成功 *************
INFO 2021-08-19 19:55:35,767 [base_case.py-->line:45]:********** 用例【充值成功-50万】 开始执行 *************
INFO 2021-08-19 19:55:35,805 [base_case.py-->line:169]:用例【充值成功-50万】响应状态码断言成功
INFO 2021-08-19 19:55:35,805 [base_case.py-->line:191]:用例【充值成功-50万】响应数据断言成功
INFO 2021-08-19 19:55:35,806 [base_case.py-->line:201]:用例【充值成功-50万】数据校验的sql为:select id from member WHERE id = 123627263 and leave_amount=502665.68
INFO 2021-08-19 19:55:35,822 [base_case.py-->line:211]:用例【充值成功-50万】数据断言成功
INFO 2021-08-19 19:55:35,822 [base_case.py-->line:56]:********** 用例【充值成功-50万】 测试成功 *************
INFO 2021-08-19 19:55:35,825 [base_case.py-->line:45]:********** 用例【会员id位空】 开始执行 *************
INFO 2021-08-19 19:55:35,859 [base_case.py-->line:169]:用例【会员id位空】响应状态码断言成功
INFO 2021-08-19 19:55:35,859 [base_case.py-->line:191]:用例【会员id位空】响应数据断言成功
INFO 2021-08-19 19:55:35,859 [base_case.py-->line:56]:********** 用例【会员id位空】 测试成功 *************
INFO 2021-08-19 19:55:35,864 [base_case.py-->line:45]:********** 用例【id不是当前登陆的用户】 开始执行 *************
INFO 2021-08-19 19:55:35,898 [base_case.py-->line:169]:用例【id不是当前登陆的用户】响应状态码断言成功
INFO 2021-08-19 19:55:35,898 [base_case.py-->line:191]:用例【id不是当前登陆的用户】响应数据断言成功
INFO 2021-08-19 19:55:35,898 [base_case.py-->line:56]:********** 用例【id不是当前登陆的用户】 测试成功 *************
INFO 2021-08-19 19:55:35,902 [base_case.py-->line:45]:********** 用例【会员id为字符串】 开始执行 *************
INFO 2021-08-19 19:55:35,941 [base_case.py-->line:169]:用例【会员id为字符串】响应状态码断言成功
WARNING 2021-08-19 19:55:35,941 [base_case.py-->line:186]:用例【会员id为字符串】响应数据断言失败
INFO 2021-08-19 19:55:35,941 [base_case.py-->line:187]:用例【会员id为字符串】期望的结果是{'code': 2, 'msg': '数字格式化异常'}
INFO 2021-08-19 19:55:35,941 [base_case.py-->line:188]:用例【会员id为字符串】返回数据是{'code': 0, 'msg': 'OK', 'data': {'id': 123627263, 'leave_amount': 503553.68, 'mobile_phone': '15852534301', 'reg_name': '小柠檬', 'reg_time': '2021-08-19 19:55:33.0', 'type': 1}, 'copyright': 'Copyright 柠檬班 © 2017-2020 湖南省零檬信息技术有限公司 All Rights Reserved'}
INFO 2021-08-19 19:55:35,959 [base_case.py-->line:45]:********** 用例【会员id位小数】 开始执行 *************
INFO 2021-08-19 19:55:35,994 [base_case.py-->line:169]:用例【会员id位小数】响应状态码断言成功
INFO 2021-08-19 19:55:35,994 [base_case.py-->line:191]:用例【会员id位小数】响应数据断言成功
INFO 2021-08-19 19:55:35,994 [base_case.py-->line:56]:********** 用例【会员id位小数】 测试成功 *************
INFO 2021-08-19 19:55:35,999 [base_case.py-->line:45]:********** 用例【充值金额为0】 开始执行 *************
INFO 2021-08-19 19:55:36,038 [base_case.py-->line:169]:用例【充值金额为0】响应状态码断言成功
WARNING 2021-08-19 19:55:36,039 [base_case.py-->line:186]:用例【充值金额为0】响应数据断言失败
INFO 2021-08-19 19:55:36,040 [base_case.py-->line:187]:用例【充值金额为0】期望的结果是{'code': 2, 'msg': '金额必须大于0并且小于或者等于500000'}
INFO 2021-08-19 19:55:36,040 [base_case.py-->line:188]:用例【充值金额为0】返回数据是{'code': 0, 'msg': 'OK', 'data': {'id': 123627263, 'leave_amount': 503553.68, 'mobile_phone': '15852534301', 'reg_name': '小柠檬', 'reg_time': '2021-08-19 19:55:33.0', 'type': 1}, 'copyright': 'Copyright 柠檬班 © 2017-2020 湖南省零檬信息技术有限公司 All Rights Reserved'}
INFO 2021-08-19 19:55:36,064 [base_case.py-->line:45]:********** 用例【充值金额为负数】 开始执行 *************
INFO 2021-08-19 19:55:36,097 [base_case.py-->line:169]:用例【充值金额为负数】响应状态码断言成功
INFO 2021-08-19 19:55:36,098 [base_case.py-->line:191]:用例【充值金额为负数】响应数据断言成功
INFO 2021-08-19 19:55:36,098 [base_case.py-->line:56]:********** 用例【充值金额为负数】 测试成功 *************
INFO 2021-08-19 19:55:36,101 [base_case.py-->line:45]:********** 用例【充值金额为空】 开始执行 *************
INFO 2021-08-19 19:55:36,133 [base_case.py-->line:169]:用例【充值金额为空】响应状态码断言成功
INFO 2021-08-19 19:55:36,134 [base_case.py-->line:191]:用例【充值金额为空】响应数据断言成功
INFO 2021-08-19 19:55:36,134 [base_case.py-->line:56]:********** 用例【充值金额为空】 测试成功 *************
INFO 2021-08-19 19:55:36,139 [base_case.py-->line:45]:********** 用例【充值金额3位小数】 开始执行 *************
INFO 2021-08-19 19:55:36,172 [base_case.py-->line:169]:用例【充值金额3位小数】响应状态码断言成功
INFO 2021-08-19 19:55:36,172 [base_case.py-->line:191]:用例【充值金额3位小数】响应数据断言成功
INFO 2021-08-19 19:55:36,172 [base_case.py-->line:56]:********** 用例【充值金额3位小数】 测试成功 *************
INFO 2021-08-19 19:55:36,176 [base_case.py-->line:45]:********** 用例【充值金额大于50万】 开始执行 *************
INFO 2021-08-19 19:55:36,210 [base_case.py-->line:169]:用例【充值金额大于50万】响应状态码断言成功
INFO 2021-08-19 19:55:36,210 [base_case.py-->line:191]:用例【充值金额大于50万】响应数据断言成功
INFO 2021-08-19 19:55:36,210 [base_case.py-->line:56]:********** 用例【充值金额大于50万】 测试成功 *************
INFO 2021-08-19 19:55:36,216 [base_case.py-->line:45]:********** 用例【充值金额非数字】 开始执行 *************
INFO 2021-08-19 19:55:36,249 [base_case.py-->line:169]:用例【充值金额非数字】响应状态码断言成功
INFO 2021-08-19 19:55:36,249 [base_case.py-->line:191]:用例【充值金额非数字】响应数据断言成功
INFO 2021-08-19 19:55:36,249 [base_case.py-->line:56]:********** 用例【充值金额非数字】 测试成功 *************
INFO 2021-08-19 19:55:36,250 [base_case.py-->line:36]:========= 充值接口 测试结束 =======
INFO 2021-08-19 19:55:36,254 [base_case.py-->line:32]:========= 注册接口 开始测试 =======
INFO 2021-08-19 19:55:36,255 [base_case.py-->line:45]:********** 用例【注册成功-不带昵称和类型】 开始执行 *************
INFO 2021-08-19 19:55:36,429 [base_case.py-->line:169]:用例【注册成功-不带昵称和类型】响应状态码断言成功
INFO 2021-08-19 19:55:36,429 [base_case.py-->line:191]:用例【注册成功-不带昵称和类型】响应数据断言成功
INFO 2021-08-19 19:55:36,429 [base_case.py-->line:201]:用例【注册成功-不带昵称和类型】数据校验的sql为:select id from member where mobile_phone=15813985133
INFO 2021-08-19 19:55:36,499 [base_case.py-->line:211]:用例【注册成功-不带昵称和类型】数据断言成功
INFO 2021-08-19 19:55:36,500 [base_case.py-->line:56]:********** 用例【注册成功-不带昵称和类型】 测试成功 *************
INFO 2021-08-19 19:55:36,507 [base_case.py-->line:45]:********** 用例【注册成功-带昵称-类型为0】 开始执行 *************
INFO 2021-08-19 19:55:36,709 [base_case.py-->line:169]:用例【注册成功-带昵称-类型为0】响应状态码断言成功
INFO 2021-08-19 19:55:36,709 [base_case.py-->line:191]:用例【注册成功-带昵称-类型为0】响应数据断言成功
INFO 2021-08-19 19:55:36,709 [base_case.py-->line:201]:用例【注册成功-带昵称-类型为0】数据校验的sql为:select id from member where mobile_phone=15857025110 and reg_name="柠檬班最帅的心蓝" and `type`=0
INFO 2021-08-19 19:55:36,796 [base_case.py-->line:211]:用例【注册成功-带昵称-类型为0】数据断言成功
INFO 2021-08-19 19:55:36,796 [base_case.py-->line:56]:********** 用例【注册成功-带昵称-类型为0】 测试成功 *************
INFO 2021-08-19 19:55:36,803 [base_case.py-->line:45]:********** 用例【注册成功-不带昵称-类型为1】 开始执行 *************
INFO 2021-08-19 19:55:37,012 [base_case.py-->line:169]:用例【注册成功-不带昵称-类型为1】响应状态码断言成功
INFO 2021-08-19 19:55:37,013 [base_case.py-->line:191]:用例【注册成功-不带昵称-类型为1】响应数据断言成功
INFO 2021-08-19 19:55:37,013 [base_case.py-->line:201]:用例【注册成功-不带昵称-类型为1】数据校验的sql为:select id from member where mobile_phone=15889283465  and `type`=1
INFO 2021-08-19 19:55:37,093 [base_case.py-->line:211]:用例【注册成功-不带昵称-类型为1】数据断言成功
INFO 2021-08-19 19:55:37,094 [base_case.py-->line:56]:********** 用例【注册成功-不带昵称-类型为1】 测试成功 *************
INFO 2021-08-19 19:55:37,108 [base_case.py-->line:45]:********** 用例【不输入手机号】 开始执行 *************
INFO 2021-08-19 19:55:37,144 [base_case.py-->line:169]:用例【不输入手机号】响应状态码断言成功
INFO 2021-08-19 19:55:37,144 [base_case.py-->line:191]:用例【不输入手机号】响应数据断言成功
INFO 2021-08-19 19:55:37,144 [base_case.py-->line:56]:********** 用例【不输入手机号】 测试成功 *************
INFO 2021-08-19 19:55:37,148 [base_case.py-->line:45]:********** 用例【手机号长度10位】 开始执行 *************
INFO 2021-08-19 19:55:37,180 [base_case.py-->line:169]:用例【手机号长度10位】响应状态码断言成功
INFO 2021-08-19 19:55:37,181 [base_case.py-->line:191]:用例【手机号长度10位】响应数据断言成功
INFO 2021-08-19 19:55:37,181 [base_case.py-->line:56]:********** 用例【手机号长度10位】 测试成功 *************
INFO 2021-08-19 19:55:37,186 [base_case.py-->line:45]:********** 用例【手机号长度12位】 开始执行 *************
INFO 2021-08-19 19:55:37,220 [base_case.py-->line:169]:用例【手机号长度12位】响应状态码断言成功
INFO 2021-08-19 19:55:37,221 [base_case.py-->line:191]:用例【手机号长度12位】响应数据断言成功
INFO 2021-08-19 19:55:37,221 [base_case.py-->line:56]:********** 用例【手机号长度12位】 测试成功 *************
INFO 2021-08-19 19:55:37,226 [base_case.py-->line:45]:********** 用例【手机号含有非法字符】 开始执行 *************
INFO 2021-08-19 19:55:37,260 [base_case.py-->line:169]:用例【手机号含有非法字符】响应状态码断言成功
INFO 2021-08-19 19:55:37,260 [base_case.py-->line:191]:用例【手机号含有非法字符】响应数据断言成功
INFO 2021-08-19 19:55:37,260 [base_case.py-->line:56]:********** 用例【手机号含有非法字符】 测试成功 *************
INFO 2021-08-19 19:55:37,264 [base_case.py-->line:45]:********** 用例【已注册过的手机号】 开始执行 *************
INFO 2021-08-19 19:55:37,375 [base_case.py-->line:169]:用例【已注册过的手机号】响应状态码断言成功
INFO 2021-08-19 19:55:37,375 [base_case.py-->line:191]:用例【已注册过的手机号】响应数据断言成功
INFO 2021-08-19 19:55:37,375 [base_case.py-->line:56]:********** 用例【已注册过的手机号】 测试成功 *************
INFO 2021-08-19 19:55:37,379 [base_case.py-->line:45]:********** 用例【密码7位】 开始执行 *************
INFO 2021-08-19 19:55:37,411 [base_case.py-->line:169]:用例【密码7位】响应状态码断言成功
INFO 2021-08-19 19:55:37,411 [base_case.py-->line:191]:用例【密码7位】响应数据断言成功
INFO 2021-08-19 19:55:37,412 [base_case.py-->line:56]:********** 用例【密码7位】 测试成功 *************
INFO 2021-08-19 19:55:37,415 [base_case.py-->line:45]:********** 用例【密码17位】 开始执行 *************
INFO 2021-08-19 19:55:37,449 [base_case.py-->line:169]:用例【密码17位】响应状态码断言成功
INFO 2021-08-19 19:55:37,449 [base_case.py-->line:191]:用例【密码17位】响应数据断言成功
INFO 2021-08-19 19:55:37,449 [base_case.py-->line:56]:********** 用例【密码17位】 测试成功 *************
INFO 2021-08-19 19:55:37,453 [base_case.py-->line:45]:********** 用例【不输入密码】 开始执行 *************
INFO 2021-08-19 19:55:37,485 [base_case.py-->line:169]:用例【不输入密码】响应状态码断言成功
INFO 2021-08-19 19:55:37,486 [base_case.py-->line:191]:用例【不输入密码】响应数据断言成功
INFO 2021-08-19 19:55:37,486 [base_case.py-->line:56]:********** 用例【不输入密码】 测试成功 *************
INFO 2021-08-19 19:55:37,494 [base_case.py-->line:45]:********** 用例【昵称11位】 开始执行 *************
INFO 2021-08-19 19:55:37,527 [base_case.py-->line:169]:用例【昵称11位】响应状态码断言成功
INFO 2021-08-19 19:55:37,527 [base_case.py-->line:191]:用例【昵称11位】响应数据断言成功
INFO 2021-08-19 19:55:37,527 [base_case.py-->line:56]:********** 用例【昵称11位】 测试成功 *************
INFO 2021-08-19 19:55:37,531 [base_case.py-->line:45]:********** 用例【类型输入非0，1内容】 开始执行 *************
INFO 2021-08-19 19:55:37,564 [base_case.py-->line:169]:用例【类型输入非0，1内容】响应状态码断言成功
INFO 2021-08-19 19:55:37,565 [base_case.py-->line:191]:用例【类型输入非0，1内容】响应数据断言成功
INFO 2021-08-19 19:55:37,565 [base_case.py-->line:56]:********** 用例【类型输入非0，1内容】 测试成功 *************
INFO 2021-08-19 19:55:37,566 [base_case.py-->line:36]:========= 注册接口 测试结束 =======
